Analyzing mobile...                                             

   info - 'background' is deprecated and shouldn't be used. Use surface instead. This feature was deprecated after v3.18.0-0.1.pre - lib\core\theme\app_theme.dart:46:9 - deprecated_member_use
   info - Use 'const' with the constructor to improve performance - lib\core\theme\app_theme.dart:50:20 - prefer_const_constructors
   info - 'background' is deprecated and shouldn't be used. Use surface instead. This feature was deprecated after v3.18.0-0.1.pre - lib\core\theme\app_theme.dart:172:9 - deprecated_member_use
   info - Use 'const' with the constructor to improve performance - lib\features\accessories\screens\accessory_detail_screen.dart:89:15 - prefer_const_constructors
   info - Use 'const' with the constructor to improve performance - lib\features\accessories\screens\accessory_detail_screen.dart:91:24 - prefer_const_constructors
   info - Use 'const' with the constructor to improve performance - lib\features\accessories\screens\sell_accessory_screen.dart:238:15 - prefer_const_constructors
   info - Use 'const' with the constructor to improve performance - lib\features\accessories\screens\sell_accessory_screen.dart:240:24 - prefer_const_constructors
   info - Use 'const' with the constructor to improve performance - lib\features\admin\screens\kyc_management_screen.dart:201:28 - prefer_const_constructors
   info - 'value' is deprecated and shouldn't be used. Use initialValue instead. This will set the initial value for the form field. This feature was deprecated after v3.33.0-1.0.pre - lib\features\auctions\screens\create_auction_screen.dart:254:15 - deprecated_member_use
   info - Statements in an if should be enclosed in a block - lib\features\auth\screens\login_screen.dart:235:33 - curly_braces_in_flow_control_structures
   info - Statements in an if should be enclosed in a block - lib\features\auth\screens\login_screen.dart:237:33 - curly_braces_in_flow_control_structures
   info - Statements in an if should be enclosed in a block - lib\features\auth\screens\register_screen.dart:180:33 - curly_braces_in_flow_control_structures
   info - Statements in an if should be enclosed in a block - lib\features\auth\screens\register_screen.dart:209:33 - curly_braces_in_flow_control_structures
   info - Statements in an if should be enclosed in a block - lib\features\auth\screens\register_screen.dart:240:33 - curly_braces_in_flow_control_structures
   info - Statements in an if should be enclosed in a block - lib\features\auth\screens\register_screen.dart:242:33 - curly_braces_in_flow_control_structures
   info - Statements in an if should be enclosed in a block - lib\features\auth\screens\register_screen.dart:268:33 - curly_braces_in_flow_control_structures
   info - Statements in an if should be enclosed in a block - lib\features\auth\screens\register_screen.dart:270:33 - curly_braces_in_flow_control_structures
   info - Use 'const' with the constructor to improve performance - lib\features\auth\screens\register_screen.dart:300:43 - prefer_const_constructors
   info - Use 'const' literals as arguments to constructors of '@immutable' classes - lib\features\auth\screens\register_screen.dart:306:49 - prefer_const_literals_to_create_immutables
   info - Use 'const' with the constructor to improve performance - lib\features\auth\screens\register_screen.dart:308:41 - prefer_const_constructors
   info - Use 'const' with the constructor to improve performance - lib\features\auth\screens\register_screen.dart:310:50 - prefer_const_constructors
   info - Use 'const' with the constructor to improve performance - lib\features\auth\screens\register_screen.dart:316:41 - prefer_const_constructors
   info - Use 'const' with the constructor to improve performance - lib\features\auth\screens\register_screen.dart:318:50 - prefer_const_constructors
   info - Don't use 'BuildContext's across async gaps - lib\features\auth\screens\splash_screen.dart:43:7 - use_build_context_synchronously
   info - Don't use 'BuildContext's across async gaps - lib\features\auth\screens\splash_screen.dart:45:7 - use_build_context_synchronously
   info - 'withOpacity' is deprecated and shouldn't be used. Use .withValues() to avoid precision loss - lib\features\auth\screens\splash_screen.dart:88:49 - deprecated_member_use
   info - 'withOpacity' is deprecated and shouldn't be used. Use .withValues() to avoid precision loss - lib\features\auth\screens\splash_screen.dart:115:45 - deprecated_member_use
   info - 'withOpacity' is deprecated and shouldn't be used. Use .withValues() to avoid precision loss - lib\features\auth\screens\splash_screen.dart:126:40 - deprecated_member_use
warning - Unused import: 'dart:math' - lib\features\auth\screens\welcome_screen.dart:1:8 - unused_import
   info - Use 'const' with the constructor to improve performance - lib\features\auth\screens\welcome_screen.dart:143:11 - prefer_const_constructors
   info - Use 'const' with the constructor to improve performance - lib\features\auth\screens\welcome_screen.dart:146:20 - prefer_const_constructors
   info - Use 'const' with the constructor to improve performance - lib\features\auth\screens\welcome_screen.dart:148:11 - prefer_const_constructors
   info - Use 'const' with the constructor to improve performance - lib\features\auth\screens\welcome_screen.dart:151:20 - prefer_const_constructors
   info - Use 'const' with the constructor to improve performance - lib\features\auth\screens\welcome_screen.dart:348:7 - prefer_const_constructors
   info - Use 'const' with the constructor to improve performance - lib\features\auth\screens\welcome_screen.dart:350:7 - prefer_const_constructors
   info - Use 'const' with the constructor to improve performance - lib\features\auth\screens\welcome_screen.dart:352:7 - prefer_const_constructors
   info - Use 'const' with the constructor to improve performance - lib\features\auth\screens\welcome_screen.dart:354:7 - prefer_const_constructors
   info - Use 'const' with the constructor to improve performance - lib\features\auth\screens\welcome_screen.dart:401:13 - prefer_const_constructors
   info - Use 'const' with the constructor to improve performance - lib\features\auth\screens\welcome_screen.dart:402:23 - prefer_const_constructors
   info - Use 'const' with the constructor to improve performance - lib\features\auth\screens\welcome_screen.dart:403:24 - prefer_const_constructors
   info - Use 'const' with the constructor to improve performance - lib\features\auth\screens\welcome_screen.dart:422:20 - prefer_const_constructors
   info - Use 'const' with the constructor to improve performance - lib\features\auth\screens\welcome_screen.dart:454:7 - prefer_const_constructors
   info - Use 'const' with the constructor to improve performance - lib\features\auth\screens\welcome_screen.dart:460:7 - prefer_const_constructors
   info - Use 'const' with the constructor to improve performance - lib\features\auth\screens\welcome_screen.dart:466:7 - prefer_const_constructors
   info - Use 'const' with the constructor to improve performance - lib\features\auth\screens\welcome_screen.dart:472:7 - prefer_const_constructors
   info - Use 'const' with the constructor to improve performance - lib\features\auth\screens\welcome_screen.dart:634:11 - prefer_const_constructors
   info - Use 'const' with the constructor to improve performance - lib\features\auth\screens\welcome_screen.dart:694:7 - prefer_const_constructors
   info - Use 'const' with the constructor to improve performance - lib\features\auth\screens\welcome_screen.dart:699:7 - prefer_const_constructors
   info - Use 'const' with the constructor to improve performance - lib\features\auth\screens\welcome_screen.dart:704:7 - prefer_const_constructors
   info - Use 'const' with the constructor to improve performance - lib\features\auth\screens\welcome_screen.dart:709:7 - prefer_const_constructors
   info - 'withOpacity' is deprecated and shouldn't be used. Use .withValues() to avoid precision loss - lib\features\auth\screens\welcome_screen.dart:1010:35 - deprecated_member_use
   info - Use 'const' with the constructor to improve performance - lib\features\auth\screens\welcome_screen.dart:1110:11 - prefer_const_constructors
   info - Use 'const' with the constructor to improve performance - lib\features\auth\screens\welcome_screen.dart:1111:20 - prefer_const_constructors
   info - Use 'const' with the constructor to improve performance - lib\features\auth\screens\welcome_screen.dart:1113:22 - prefer_const_constructors
   info - Use 'const' literals as arguments to constructors of '@immutable' classes - lib\features\auth\screens\welcome_screen.dart:1115:27 - prefer_const_literals_to_create_immutables
   info - Use 'const' with the constructor to improve performance - lib\features\auth\screens\welcome_screen.dart:1116:19 - prefer_const_constructors
   info - Use 'const' with the constructor to improve performance - lib\features\auth\screens\welcome_screen.dart:1118:19 - prefer_const_constructors
   info - Use 'const' with the constructor to improve performance - lib\features\auth\screens\welcome_screen.dart:1120:19 - prefer_const_constructors
   info - Use 'const' with the constructor to improve performance - lib\features\batteries\screens\battery_detail_screen.dart:412:17 - prefer_const_constructors
   info - Use 'const' with the constructor to improve performance - lib\features\batteries\screens\battery_detail_screen.dart:412:29 - prefer_const_constructors
warning - Unused import: 'dart:async' - lib\features\batteries\screens\battery_monitor_screen.dart:1:8 - unused_import
   info - 'withOpacity' is deprecated and shouldn't be used. Use .withValues() to avoid precision loss - lib\features\batteries\screens\battery_monitor_screen.dart:176:53 - deprecated_member_use
   info - 'withOpacity' is deprecated and shouldn't be used. Use .withValues() to avoid precision loss - lib\features\batteries\screens\battery_monitor_screen.dart:186:38 - deprecated_member_use
   info - 'withOpacity' is deprecated and shouldn't be used. Use .withValues() to avoid precision loss - lib\features\batteries\screens\battery_monitor_screen.dart:204:53 - deprecated_member_use
   info - 'withOpacity' is deprecated and shouldn't be used. Use .withValues() to avoid precision loss - lib\features\batteries\screens\battery_monitor_screen.dart:225:51 - deprecated_member_use
   info - 'withOpacity' is deprecated and shouldn't be used. Use .withValues() to avoid precision loss - lib\features\batteries\screens\battery_monitor_screen.dart:268:51 - deprecated_member_use
   info - Use 'const' with the constructor to improve performance - lib\features\batteries\screens\sell_battery_screen.dart:331:15 - prefer_const_constructors
   info - Use 'const' with the constructor to improve performance - lib\features\batteries\screens\sell_battery_screen.dart:333:24 - prefer_const_constructors
   info - Use 'const' with the constructor to improve performance - lib\features\chat\screens\chat_room_screen.dart:409:23 - prefer_const_constructors
   info - Use 'const' with the constructor to improve performance - lib\features\chat\screens\chat_room_screen.dart:409:35 - prefer_const_constructors
   info - 'withOpacity' is deprecated and shouldn't be used. Use .withValues() to avoid precision loss - lib\features\chat\widgets\contract_message_card.dart:38:57 - deprecated_member_use
   info - 'withOpacity' is deprecated and shouldn't be used. Use .withValues() to avoid precision loss - lib\features\chat\widgets\contract_message_card.dart:41:42 - deprecated_member_use
   info - 'withOpacity' is deprecated and shouldn't be used. Use .withValues() to avoid precision loss - lib\features\chat\widgets\contract_message_card.dart:55:41 - deprecated_member_use
   info - 'withOpacity' is deprecated and shouldn't be used. Use .withValues() to avoid precision loss - lib\features\chat\widgets\contract_message_card.dart:56:40 - deprecated_member_use
   info - 'withOpacity' is deprecated and shouldn't be used. Use .withValues() to avoid precision loss - lib\features\chat\widgets\contract_message_card.dart:218:22 - deprecated_member_use
   info - 'withOpacity' is deprecated and shouldn't be used. Use .withValues() to avoid precision loss - lib\features\chat\widgets\contract_message_card.dart:220:41 - deprecated_member_use
   info - 'withOpacity' is deprecated and shouldn't be used. Use .withValues() to avoid precision loss - lib\features\chat\widgets\contract_message_card.dart:277:33 - deprecated_member_use
   info - Don't use 'BuildContext's across async gaps, guarded by an unrelated 'mounted' check - lib\features\chat\widgets\contract_message_card.dart:422:34 - use_build_context_synchronously
   info - Don't use 'BuildContext's across async gaps, guarded by an unrelated 'mounted' check - lib\features\chat\widgets\contract_message_card.dart:433:30 - use_build_context_synchronously
   info - Use 'const' with the constructor to improve performance - lib\features\home\screens\home_screen.dart:541:35 - prefer_const_constructors
   info - Use 'const' with the constructor to improve performance - lib\features\home\screens\home_screen.dart:543:35 - prefer_const_constructors
   info - Use 'const' literals as arguments to constructors of '@immutable' classes - lib\features\home\screens\home_screen.dart:544:35 - prefer_const_literals_to_create_immutables
   info - Unnecessary use of 'toList' in a spread - lib\features\home\screens\home_screen.dart:609:26 - unnecessary_to_list_in_spreads
   info - Use 'const' with the constructor to improve performance - lib\features\home\screens\home_screen.dart:703:29 - prefer_const_constructors
   info - Use 'const' literals as arguments to constructors of '@immutable' classes - lib\features\home\screens\home_screen.dart:704:29 - prefer_const_literals_to_create_immutables
warning - A value for optional parameter 'width' isn't ever given - lib\features\home\screens\home_screen.dart:1279:10 - unused_element_parameter
   info - Use 'const' with the constructor to improve performance - lib\features\profile\screens\kyc_verification_screen.dart:250:13 - prefer_const_constructors
   info - Use 'const' with the constructor to improve performance - lib\features\profile\screens\kyc_verification_screen.dart:337:13 - prefer_const_constructors
   info - Use 'const' with the constructor to improve performance - lib\features\vehicles\screens\sell_vehicle_screen.dart:281:15 - prefer_const_constructors
   info - Use 'const' with the constructor to improve performance - lib\features\vehicles\screens\sell_vehicle_screen.dart:283:24 - prefer_const_constructors
   info - Use 'const' with the constructor to improve performance - lib\features\vehicles\screens\vehicle_detail_screen.dart:245:25 - prefer_const_constructors
   info - Use 'const' with the constructor to improve performance - lib\features\vehicles\screens\vehicle_detail_screen.dart:245:37 - prefer_const_constructors
   info - Use 'const' with the constructor to improve performance - test\widget_test.dart:33:16 - prefer_const_constructors

93 issues found. (ran in 19.7s)
